<?xml version="1.0" encoding="UTF-8"?>
<testng-results total="6" passed="6" failed="0" skipped="0">
  <reporter-output>
  </reporter-output>
  <suite started-at="2020-08-25T13:15:43Z" name="Suite" finished-at="2020-08-25T13:16:16Z" duration-ms="32327">
    <groups>
    </groups>
    <test started-at="2020-08-25T13:15:43Z" name="ValidateNavigationBar" finished-at="2020-08-25T13:16:03Z" duration-ms="19547">
      <class name="Academy.E2EProject.ValidateNavigationBar">
        <test-method is-config="true" signature="StartUp()[pri:0, instance:Academy.E2EProject.ValidateNavigationBar@1caa0244]" started-at="2020-08-25T09:15:43Z" name="StartUp" finished-at="2020-08-25T09:15:59Z" duration-ms="15553" status="PASS">
          <reporter-output>
          </reporter-output>
        </test-method> <!-- StartUp -->
        <test-method signature="basePageNavigation()[pri:0, instance:Academy.E2EProject.ValidateNavigationBar@1caa0244]" started-at="2020-08-25T09:15:59Z" name="basePageNavigation" finished-at="2020-08-25T09:16:00Z" duration-ms="1222" status="PASS">
          <reporter-output>
          </reporter-output>
        </test-method> <!-- basePageNavigation -->
        <test-method is-config="true" signature="tearDown()[pri:0, instance:Academy.E2EProject.ValidateNavigationBar@1caa0244]" started-at="2020-08-25T09:16:00Z" name="tearDown" finished-at="2020-08-25T09:16:03Z" duration-ms="2757" status="PASS">
          <reporter-output>
          </reporter-output>
        </test-method> <!-- tearDown -->
      </class> <!-- Academy.E2EProject.ValidateNavigationBar -->
    </test> <!-- ValidateNavigationBar -->
    <test started-at="2020-08-25T13:15:43Z" name="ValidateTitle" finished-at="2020-08-25T13:16:06Z" duration-ms="22596">
      <class name="Academy.E2EProject.ValidateTitle">
        <test-method is-config="true" signature="StartUp()[pri:0, instance:Academy.E2EProject.ValidateTitle@5ddeb7cb]" started-at="2020-08-25T09:15:43Z" name="StartUp" finished-at="2020-08-25T09:15:59Z" duration-ms="15923" status="PASS">
          <reporter-output>
          </reporter-output>
        </test-method> <!-- StartUp -->
        <test-method signature="basePageNavigation()[pri:0, instance:Academy.E2EProject.ValidateTitle@5ddeb7cb]" started-at="2020-08-25T09:15:59Z" name="basePageNavigation" finished-at="2020-08-25T09:16:01Z" duration-ms="1488" status="PASS">
          <reporter-output>
          </reporter-output>
        </test-method> <!-- basePageNavigation -->
        <test-method is-config="true" signature="tearDown()[pri:0, instance:Academy.E2EProject.ValidateTitle@5ddeb7cb]" started-at="2020-08-25T09:16:01Z" name="tearDown" finished-at="2020-08-25T09:16:06Z" duration-ms="5180" status="PASS">
          <reporter-output>
          </reporter-output>
        </test-method> <!-- tearDown -->
      </class> <!-- Academy.E2EProject.ValidateTitle -->
    </test> <!-- ValidateTitle -->
    <test started-at="2020-08-25T13:15:43Z" name="Validate HomePage" finished-at="2020-08-25T13:16:10Z" duration-ms="27119">
      <class name="Academy.E2EProject.HomePage">
        <test-method is-config="true" signature="StartUp()[pri:0, instance:Academy.E2EProject.HomePage@5f049ea1]" started-at="2020-08-25T09:15:43Z" name="StartUp" finished-at="2020-08-25T09:15:48Z" duration-ms="5115" status="PASS">
          <reporter-output>
          </reporter-output>
        </test-method> <!-- StartUp -->
        <test-method signature="basePageNavigation(java.lang.String, java.lang.String, java.lang.String)[pri:0, instance:Academy.E2EProject.HomePage@5f049ea1]" started-at="2020-08-25T09:15:48Z" name="basePageNavigation" data-provider="getData" finished-at="2020-08-25T09:16:05Z" duration-ms="16266" status="PASS">
          <params>
            <param index="0">
              <value>
                <![CDATA[nonrestricteduser@qa.com]]>
              </value>
            </param>
            <param index="1">
              <value>
                <![CDATA[Testpassword]]>
              </value>
            </param>
            <param index="2">
              <value>
                <![CDATA[Restricted User]]>
              </value>
            </param>
          </params>
          <reporter-output>
          </reporter-output>
        </test-method> <!-- basePageNavigation -->
        <test-method signature="basePageNavigation(java.lang.String, java.lang.String, java.lang.String)[pri:0, instance:Academy.E2EProject.HomePage@5f049ea1]" started-at="2020-08-25T09:16:05Z" name="basePageNavigation" data-provider="getData" finished-at="2020-08-25T09:16:10Z" duration-ms="5449" status="PASS">
          <params>
            <param index="0">
              <value>
                <![CDATA[restricteduser@qa.com]]>
              </value>
            </param>
            <param index="1">
              <value>
                <![CDATA[Testpassword]]>
              </value>
            </param>
            <param index="2">
              <value>
                <![CDATA[Non Restricted User]]>
              </value>
            </param>
          </params>
          <reporter-output>
          </reporter-output>
        </test-method> <!-- basePageNavigation -->
        <test-method is-config="true" signature="tearDown()[pri:0, instance:Academy.E2EProject.HomePage@5f049ea1]" started-at="2020-08-25T09:16:10Z" name="tearDown" finished-at="2020-08-25T09:16:10Z" duration-ms="265" status="PASS">
          <reporter-output>
          </reporter-output>
        </test-method> <!-- tearDown -->
      </class> <!-- Academy.E2EProject.HomePage -->
    </test> <!-- Validate HomePage -->
    <test started-at="2020-08-25T13:15:43Z" name="ValidatePractice" finished-at="2020-08-25T13:16:12Z" duration-ms="28444">
      <class name="Academy.E2EProject.ValidatePractice">
        <test-method is-config="true" signature="StartUp()[pri:0, instance:Academy.E2EProject.ValidatePractice@221a3fa4]" started-at="2020-08-25T09:15:43Z" name="StartUp" finished-at="2020-08-25T09:16:02Z" duration-ms="18216" status="PASS">
          <reporter-output>
          </reporter-output>
        </test-method> <!-- StartUp -->
        <test-method signature="validatePracticePage()[pri:0, instance:Academy.E2EProject.ValidatePractice@221a3fa4]" started-at="2020-08-25T09:16:02Z" name="validatePracticePage" finished-at="2020-08-25T09:16:11Z" duration-ms="9237" status="PASS">
          <reporter-output>
          </reporter-output>
        </test-method> <!-- validatePracticePage -->
        <test-method is-config="true" signature="tearDown()[pri:0, instance:Academy.E2EProject.ValidatePractice@221a3fa4]" started-at="2020-08-25T09:16:11Z" name="tearDown" finished-at="2020-08-25T09:16:12Z" duration-ms="981" status="PASS">
          <reporter-output>
          </reporter-output>
        </test-method> <!-- tearDown -->
      </class> <!-- Academy.E2EProject.ValidatePractice -->
    </test> <!-- ValidatePractice -->
    <test started-at="2020-08-25T13:15:43Z" name="ValidateContactForm" finished-at="2020-08-25T13:16:16Z" duration-ms="32327">
      <class name="Academy.E2EProject.ValidateContactForm">
        <test-method is-config="true" signature="StartUp()[pri:0, instance:Academy.E2EProject.ValidateContactForm@6c284af]" started-at="2020-08-25T09:15:43Z" name="StartUp" finished-at="2020-08-25T09:16:02Z" duration-ms="18877" status="PASS">
          <reporter-output>
          </reporter-output>
        </test-method> <!-- StartUp -->
        <test-method signature="validateContact()[pri:0, instance:Academy.E2EProject.ValidateContactForm@6c284af]" started-at="2020-08-25T09:16:02Z" name="validateContact" finished-at="2020-08-25T09:16:11Z" duration-ms="9136" status="PASS">
          <reporter-output>
          </reporter-output>
        </test-method> <!-- validateContact -->
        <test-method is-config="true" signature="tearDown()[pri:0, instance:Academy.E2EProject.ValidateContactForm@6c284af]" started-at="2020-08-25T09:16:11Z" name="tearDown" finished-at="2020-08-25T09:16:16Z" duration-ms="4305" status="PASS">
          <reporter-output>
          </reporter-output>
        </test-method> <!-- tearDown -->
      </class> <!-- Academy.E2EProject.ValidateContactForm -->
    </test> <!-- ValidateContactForm -->
  </suite> <!-- Suite -->
</testng-results>
