<?xml version="1.0" encoding="UTF-8"?>
<testng-results total="1" passed="1" failed="0" skipped="0">
  <reporter-output>
  </reporter-output>
  <suite started-at="2020-08-25T13:14:17Z" name="Default suite" finished-at="2020-08-25T13:14:31Z" duration-ms="13841">
    <groups>
    </groups>
    <test started-at="2020-08-25T13:14:17Z" name="Default test" finished-at="2020-08-25T13:14:31Z" duration-ms="13841">
      <class name="Academy.E2EProject.ValidatePractice">
        <test-method is-config="true" signature="StartUp()[pri:0, instance:Academy.E2EProject.ValidatePractice@235ecd9f]" started-at="2020-08-25T09:14:17Z" name="StartUp" finished-at="2020-08-25T09:14:28Z" duration-ms="10604" status="PASS">
          <reporter-output>
          </reporter-output>
        </test-method> <!-- StartUp -->
        <test-method signature="validatePracticePage()[pri:0, instance:Academy.E2EProject.ValidatePractice@235ecd9f]" started-at="2020-08-25T09:14:28Z" name="validatePracticePage" finished-at="2020-08-25T09:14:30Z" duration-ms="2468" status="PASS">
          <reporter-output>
          </reporter-output>
        </test-method> <!-- validatePracticePage -->
        <test-method is-config="true" signature="tearDown()[pri:0, instance:Academy.E2EProject.ValidatePractice@235ecd9f]" started-at="2020-08-25T09:14:30Z" name="tearDown" finished-at="2020-08-25T09:14:31Z" duration-ms="743" status="PASS">
          <reporter-output>
          </reporter-output>
        </test-method> <!-- tearDown -->
      </class> <!-- Academy.E2EProject.ValidatePractice -->
    </test> <!-- Default test -->
  </suite> <!-- Default suite -->
</testng-results>
